nohup: ignoring input
Error: 2022-Environmental-Sustainability-Report.pdf Failed to open file '../resources/potential_origin_pdf_directory_2023/2022-Environmental-Sustainability-Report.pdf'.
Error: abbvie-esg-action-report.pdf Failed to open file '../resources/potential_origin_pdf_directory_2023/abbvie-esg-action-report.pdf'.
Error: Pfizer_2023_Impact_Report_11MAR2024.pdf Cannot open empty file: filename='../resources/potential_origin_pdf_directory_2023/Pfizer_2023_Impact_Report_11MAR2024.pdf'.
Error: 2022esgen.pdf Failed to open file '../resources/potential_origin_pdf_directory_2023/2022esgen.pdf'.
Error: Inditex_Group_Annual_Accounts_2023.pdf Failed to open file '../resources/potential_origin_pdf_directory_2023/Inditex_Group_Annual_Accounts_2023.pdf'.
Error: Statement%20of%20Non-Finantial%20Information%202023.pdf Failed to open file '../resources/potential_origin_pdf_directory_2023/Statement%20of%20Non-Finantial%20Information%202023.pdf'.
Error: Lockheed_Martin_2023_Sustainability_Performance_Report.pdf Cannot open empty file: filename='../resources/potential_origin_pdf_directory_2023/Lockheed_Martin_2023_Sustainability_Performance_Report.pdf'.
Error: servicenow-global-impact-esg-fact-sheet-2023.pdf Failed to open file '../resources/potential_origin_pdf_directory_2023/servicenow-global-impact-esg-fact-sheet-2023.pdf'.
Error: 2023-Starbucks-Global-Impact-Report.pdf Failed to open file '../resources/potential_origin_pdf_directory_2023/2023-Starbucks-Global-Impact-Report.pdf'.
Error: schwab-2023-esg-report.pdf Failed to open file '../resources/potential_origin_pdf_directory_2023/schwab-2023-esg-report.pdf'.
Error: Elevance_Health_Impact_Report_2022.pdf Failed to open file '../resources/potential_origin_pdf_directory_2023/Elevance_Health_Impact_Report_2022.pdf'.
Error: BKNG-Sustainability-Report-2022.pdf Failed to open file '../resources/potential_origin_pdf_directory_2023/BKNG-Sustainability-Report-2022.pdf'.
Error: BKNG-2023-10K.pdf Cannot open empty file: filename='../resources/potential_origin_pdf_directory_2023/BKNG-2023-10K.pdf'.
Error: 2022-ESGReport_Oct-23-compressed.pdf Failed to open file '../resources/potential_origin_pdf_directory_2023/2022-ESGReport_Oct-23-compressed.pdf'.
Error: 2022-ESGReport-appendix_Nov-23.pdf Failed to open file '../resources/potential_origin_pdf_directory_2023/2022-ESGReport-appendix_Nov-23.pdf'.
MuPDF error: format error: object out of range (149 0 R); xref size 126

MuPDF error: format error: non-page object in page tree

Error: 202458122875.pdf code=4: source object number out of range
Error: Value-Chain-2022-Snapshot.pdf Failed to open file '../resources/potential_origin_pdf_directory_2023/Value-Chain-2022-Snapshot.pdf'.
Error: Prevent-Underage-Use-2022-Snapshot.pdf Failed to open file '../resources/potential_origin_pdf_directory_2023/Prevent-Underage-Use-2022-Snapshot.pdf'.
Error: People-and-Communities-2022-Snapshot.pdf Failed to open file '../resources/potential_origin_pdf_directory_2023/People-and-Communities-2022-Snapshot.pdf'.
Error: 2023-PayPal-Global-Impact-Report.pdf Cannot open empty file: filename='../resources/potential_origin_pdf_directory_2023/2023-PayPal-Global-Impact-Report.pdf'.
Error: SCG_2022_Sustainability_Executive_Summary_Digitally_Accessible_Version.pdf Failed to open file '../resources/potential_origin_pdf_directory_2023/SCG_2022_Sustainability_Executive_Summary_Digitally_Accessible_Version.pdf'.
Error: itw-2023-sustainability-report.pdf Cannot open empty file: filename='../resources/potential_origin_pdf_directory_2023/itw-2023-sustainability-report.pdf'.
Error: Equinix-Inc.-2022-Sustainability-Report-Highlights.pdf Failed to open file '../resources/potential_origin_pdf_directory_2023/Equinix-Inc.-2022-Sustainability-Report-Highlights.pdf'.
Error: 20240215-2023-sustainability-report-bca-en.pdf Cannot open empty file: filename='../resources/potential_origin_pdf_directory_2023/20240215-2023-sustainability-report-bca-en.pdf'.
Error: 2023_workforce_related_environmental_and_social_information.pdf code=4: source object number out of range
Error: FedEx_2023_ESG_Report.pdf Failed to open file '../resources/potential_origin_pdf_directory_2023/FedEx_2023_ESG_Report.pdf'.
Error: 2024-Ford-Integrated-Sustainability-and-Financial-Report_update2.pdf Cannot open empty file: filename='../resources/potential_origin_pdf_directory_2023/2024-Ford-Integrated-Sustainability-and-Financial-Report_update2.pdf'.
Error: October%2026%202023%20Sustainability%20Progress%20Report_Compressed%2025MB.pdf Failed to open file '../resources/potential_origin_pdf_directory_2023/October%2026%202023%20Sustainability%20Progress%20Report_Compressed%2025MB.pdf'.
Error: Dexcom-Annual-Sustainability-Report-March-2023.pdf Cannot open empty file: filename='../resources/potential_origin_pdf_directory_2023/Dexcom-Annual-Sustainability-Report-March-2023.pdf'.
Error: PNC_Corporate_Responsibility_Report_2022.pdf Failed to open file '../resources/potential_origin_pdf_directory_2023/PNC_Corporate_Responsibility_Report_2022.pdf'.
Error: 2024-sustainability-report.pdf Failed to open file '../resources/potential_origin_pdf_directory_2023/2024-sustainability-report.pdf'.
Error: 2023%20Sustainability%20Report%20EN.pdf Failed to open file '../resources/potential_origin_pdf_directory_2023/2023%20Sustainability%20Report%20EN.pdf'.
Error: Project-Hing-2021-FSTH_YW_20210603.pdf Failed to open file '../resources/potential_origin_pdf_directory_2023/Project-Hing-2021-FSTH_YW_20210603.pdf'.
Error: Lonza_2023_Sustainability_Report.pdf Failed to open file '../resources/potential_origin_pdf_directory_2023/Lonza_2023_Sustainability_Report.pdf'.
Error: Aflac-Incorporated-Sustainability-Bond-Report-2022.pdf Cannot open empty file: filename='../resources/potential_origin_pdf_directory_2023/Aflac-Incorporated-Sustainability-Bond-Report-2022.pdf'.
Error: 2023-aflac-incorporated-business-and-sustainability-report-3-21.pdf Cannot open empty file: filename='../resources/potential_origin_pdf_directory_2023/2023-aflac-incorporated-business-and-sustainability-report-3-21.pdf'.
Error: block_2023_cdp_report.pdf Cannot open empty file: filename='../resources/potential_origin_pdf_directory_2023/block_2023_cdp_report.pdf'.
Error: realty-income-corporation-2022-sustainability-report.pdf Failed to open file '../resources/potential_origin_pdf_directory_2023/realty-income-corporation-2022-sustainability-report.pdf'.
Error: crh-sustainability-report-2023_interactive_vhr.pdf Failed to open file '../resources/potential_origin_pdf_directory_2023/crh-sustainability-report-2023_interactive_vhr.pdf'.
Error: 20240422890147.pdf Failed to open file '../resources/potential_origin_pdf_directory_2023/20240422890147.pdf'.
Error: FY23_Serving_Others_ESG_Report.pdf Failed to open file '../resources/potential_origin_pdf_directory_2023/FY23_Serving_Others_ESG_Report.pdf'.
Error: Centene_2022_ESHG_Report.pdf Failed to open file '../resources/potential_origin_pdf_directory_2023/Centene_2022_ESHG_Report.pdf'.
Error: FEMSA_IAR23.pdf Failed to open file '../resources/potential_origin_pdf_directory_2023/FEMSA_IAR23.pdf'.
Error: 2_ESG_Investor_Engagement_Presentation.pdf Failed to open file '../resources/potential_origin_pdf_directory_2023/2_ESG_Investor_Engagement_Presentation.pdf'.
Error: 2023-lbg-sustainability-report.pdf Failed to open file '../resources/potential_origin_pdf_directory_2023/2023-lbg-sustainability-report.pdf'.
Error: 2023-lbg-sustainability-report.pdf Failed to open file '../resources/potential_origin_pdf_directory_2023/2023-lbg-sustainability-report.pdf'.
Error: ahold-delhaize-climate-plan-december-2023.pdf Failed to open file '../resources/potential_origin_pdf_directory_2023/ahold-delhaize-climate-plan-december-2023.pdf'.
Error: 20230505_E.ON_Sustainability_Report_2022.pdf Failed to open file '../resources/potential_origin_pdf_directory_2023/20230505_E.ON_Sustainability_Report_2022.pdf'.
Error: P020230831556951862703.pdf Failed to open file '../resources/potential_origin_pdf_directory_2023/P020230831556951862703.pdf'.
Error: 20240207175305592.pdf Failed to open file '../resources/potential_origin_pdf_directory_2023/20240207175305592.pdf'.
Error: sustainability-management-report-2023.pdf Failed to open file '../resources/potential_origin_pdf_directory_2023/sustainability-management-report-2023.pdf'.
Error: 2023-Corporate-Social-Responsibility-CSR-Data-Report.pdf Failed to open file '../resources/potential_origin_pdf_directory_2023/2023-Corporate-Social-Responsibility-CSR-Data-Report.pdf'.
Error: 2022_ESG_Report.pdf Failed to open file '../resources/potential_origin_pdf_directory_2023/2022_ESG_Report.pdf'.
Error: corning-2023-sustainability-report.pdf Cannot open empty file: filename='../resources/potential_origin_pdf_directory_2023/corning-2023-sustainability-report.pdf'.
Error: P020230427770685481498.pdf Failed to open file '../resources/potential_origin_pdf_directory_2023/P020230427770685481498.pdf'.
Error: Barrick_Sustainability_Report_2023.pdf Cannot open empty file: filename='../resources/potential_origin_pdf_directory_2023/Barrick_Sustainability_Report_2023.pdf'.
Error: ESG%20February%20Disclosure_EN.pdf Failed to open file '../resources/potential_origin_pdf_directory_2023/ESG%20February%20Disclosure_EN.pdf'.
Error: Arch-Sustainability-Report-2022.pdf Failed to open file '../resources/potential_origin_pdf_directory_2023/Arch-Sustainability-Report-2022.pdf'.
Error: 2022%20Performance%20Data%20ENG%2007-04-23.pdf Cannot open empty file: filename='../resources/potential_origin_pdf_directory_2023/2022%20Performance%20Data%20ENG%2007-04-23.pdf'.
Error: TELUS_Sustainability_and_ESG_2023_EN.pdf unsupported operand type(s) for %: 'function' and 'tuple'
Error: 8809_Franco_Nevada_ESG_Report_Interactive_Phase31.pdf Cannot open empty file: filename='../resources/potential_origin_pdf_directory_2023/8809_Franco_Nevada_ESG_Report_Interactive_Phase31.pdf'.
Error: lifeco-q4-2023-financials.pdf Failed to open file '../resources/potential_origin_pdf_directory_2023/lifeco-q4-2023-financials.pdf'.
Error: 20240523.pdf Failed to open file '../resources/potential_origin_pdf_directory_2023/20240523.pdf'.
Error: a06301f22d_af17625d34.pdf Failed to open file '../resources/potential_origin_pdf_directory_2023/a06301f22d_af17625d34.pdf'.
Error: cdw-2023-esg-report-final.pdf Failed to open file '../resources/potential_origin_pdf_directory_2023/cdw-2023-esg-report-final.pdf'.
Error: 2022%20Alnylam%20Corporate%20Responsibility%20Report.pdf Cannot open empty file: filename='../resources/potential_origin_pdf_directory_2023/2022%20Alnylam%20Corporate%20Responsibility%20Report.pdf'.
Error: Integrated%20Annual%20Report%202023_.pdf Failed to open file '../resources/potential_origin_pdf_directory_2023/Integrated%20Annual%20Report%202023_.pdf'.
Error: wipro-sustainability-report-fy-2022-2023.pdf Cannot open empty file: filename='../resources/potential_origin_pdf_directory_2023/wipro-sustainability-report-fy-2022-2023.pdf'.
Error: Agnico-Eagle-2023-VPSHR-Plenary-Report-FINAL.pdf Cannot open empty file: filename='../resources/potential_origin_pdf_directory_2023/Agnico-Eagle-2023-VPSHR-Plenary-Report-FINAL.pdf'.
Error: 2023-Tractor-Supply-Stewardship-Tear-Sheet.pdf Cannot open empty file: filename='../resources/potential_origin_pdf_directory_2023/2023-Tractor-Supply-Stewardship-Tear-Sheet.pdf'.
Error: P020230831556951862703.pdf Failed to open file '../resources/potential_origin_pdf_directory_2023/P020230831556951862703.pdf'.
Error: nokia_people_and_planet-2023.pdf Failed to open file '../resources/potential_origin_pdf_directory_2023/nokia_people_and_planet-2023.pdf'.
Error: veolia-esg-multifaceted-performance-progress-report-2023.pdf Failed to open file '../resources/potential_origin_pdf_directory_2023/veolia-esg-multifaceted-performance-progress-report-2023.pdf'.
Error: Rentokil%20Initial%20RBR%202023.pdf Failed to open file '../resources/potential_origin_pdf_directory_2023/Rentokil%20Initial%20RBR%202023.pdf'.
Error: 2023-Corporate-Social-Responsibility-Report.pdf Cannot open empty file: filename='../resources/potential_origin_pdf_directory_2023/2023-Corporate-Social-Responsibility-Report.pdf'.
Error: a06301f22d_af17625d34.pdf Failed to open file '../resources/potential_origin_pdf_directory_2023/a06301f22d_af17625d34.pdf'.
Error: TELUS_Sustainability_and_ESG_2023_EN.pdf unsupported operand type(s) for %: 'function' and 'tuple'
