2022_report_title: 2022 NVIDIA CORPORATE RESPONSIBILITY REPORT, 
FY: 2022, 
company_name: NVIDIA Corp, 
2023_file_name: 2023-Annual-Report-1_intercepted.md
predict: {'title': '2023 NVIDIA Corporation Annual Review', 'title_similarity': 3, 'similarity': 2, 'is_ESG': 'no'}

2022_report_title: Environmental, Social and Governance Summary Report FY2022, 
FY: 2022, 
company_name: Walmart Inc, 
2023_file_name: walmart-inc-2023-annual-report_intercepted.md
predict: {'title': 'Annual Report on Form 10-K for the Fiscal Year Ended January 31, 2023', 'title_similarity': 3, 'similarity': 2, 'is_ESG': 'no'}

2022_report_title: Annual Report 2022, 
FY: 2022, 
company_name: Roche Holding AG, 
2023_file_name: ar23e_intercepted.md
Error: ar23e_intercepted.md Extra data: line 1 column 2 (char 1)
2022_report_title: Annual Report 2022, 
FY: 2022, 
company_name: Bank of America Corp, 
2023_file_name: Annual-report-for-2023_intercepted.md
predict: {'title': 'Directors’ Report to the Members', 'title_similarity': 0, 'similarity': 0, 'is_ESG': 'no'}

2022_report_title: Integrated Report 2022, 
FY: 2022, 
company_name: Novartis AG, 
2023_file_name: novartis-annual-report-2023_intercepted.md
Error: novartis-annual-report-2023_intercepted.md Expecting value: line 1 column 1 (char 0)
2022_report_title: 2021 可持续发展报告, 
FY: 2022, 
company_name: China Mobile Ltd, 
2023_file_name: p240321_intercepted.md
predict: {'title': 'CHINA MOBILE ANNOUNCES 2023 ANNUAL RESULTS', 'title_similarity': 2, 'similarity': 3, 'is_ESG': 'no'}

2022_report_title: Environmental, Social, and Governance Report 2022, 
FY: 2022, 
company_name: Wells Fargo & Co, 
2023_file_name: sustainability-and-governance-report_intercepted.md
predict: {'title': 'Wells Fargo Sustainability & Governance Report', 'title_similarity': 8, 'similarity': 9, 'is_ESG': 'yes', 'corporate_entity': 'Wells Fargo & Co', 'fiscal_year': '2023'}

2022_report_title: Strategic Report 2022, 
FY: 2022, 
company_name: HSBC Holdings PLC, 
2023_file_name: 240221-strategic-report-2023_intercepted.md
predict: {'title': 'HSBC Holdings plc Strategic Report 2023', 'title_similarity': 9, 'similarity': 9, 'is_ESG': 'yes', 'corporate_entity': 'HSBC Holdings plc', 'fiscal_year': '2023'}

2022_report_title: Annual Report and Accounts 2022, 
FY: 2022, 
company_name: HSBC Holdings PLC, 
2023_file_name: 240226-annual-report-and-accounts-2023_intercepted.md
predict: {'title': 'HSBC Holdings plc Annual Report and Accounts 2024', 'title_similarity': 9, 'similarity': 9, 'is_ESG': 'yes', 'corporate_entity': 'HSBC Holdings plc', 'fiscal_year': '2024'}

2022_report_title: Sustainability Report 2022, 
FY: 2022, 
company_name: Siemens AG, 
2023_file_name: sustainability-report-fy2023_intercepted.md
Error: sustainability-report-fy2023_intercepted.md Expecting value: line 1 column 1 (char 0)
2022_report_title: Sustainability Report 2022, 
FY: 2022, 
company_name: Mitsubishi UFJ Financial Group Inc, 
2023_file_name: sr2023_01_en_intercepted.md
predict: {'title': 'MUFG Sustainability Report 2023', 'title_similarity': 9, 'similarity': 10, 'is_ESG': 'yes', 'corporate_entity': 'Mitsubishi UFJ Financial Group Inc', 'fiscal_year': '2022'}

2022_report_title: Independent Assurance Report, 
FY: 2022, 
company_name: Mitsubishi UFJ Financial Group Inc, 
2023_file_name: ir2023_all_en_intercepted.md
predict: {'title': 'MUFG Report 2023 Integrated Report', 'title_similarity': 2, 'similarity': 3, 'is_ESG': 'no'}

2022_report_title: Integrated Report 2022, 
FY: 2022, 
company_name: Mitsubishi UFJ Financial Group Inc, 
2023_file_name: ir2023_all_en_intercepted.md
predict: {'title': 'Integrated Report 2023', 'title_similarity': 9, 'similarity': 9, 'is_ESG': 'yes', 'corporate_entity': 'MUFG', 'fiscal_year': '2023'}

2022_report_title: ESG Reporting Index 2022, 
FY: 2022, 
company_name: Diageo PLC, 
2023_file_name: esg-reporting-index-2023_intercepted.md
predict: {'title': 'ESG Reporting Index 2023', 'title_similarity': 10, 'similarity': 10, 'is_ESG': 'yes', 'corporate_entity': 'Diageo plc', 'fiscal_year': '2023'}

2022_report_title: ENVIRONMENTAL, SOCIAL AND GOVERNANCE REPORT 2021-22, 
FY: 2022, 
company_name: ICICI Bank Ltd, 
2023_file_name: ICICI_Securities_ESG_Report_2022_23_intercepted.md
predict: {'title': 'ENVIRONMENTAL, SOCIAL AND GOVERNANCE REPORT 2022-23', 'title_similarity': 9, 'similarity': 9, 'is_ESG': 'yes', 'corporate_entity': 'ICICI Securities Limited', 'fiscal_year': '2022-23'}

2022_report_title: FY22Environmental, Socialand Governance Report, 
FY: 2022, 
company_name: Palo Alto Networks Inc, 
2023_file_name: nasdaq-panw-2023-10K-231232732_intercepted.md
predict: {'title': 'Palo Alto Networks Annual Report 2023', 'title_similarity': 2, 'similarity': 1, 'is_ESG': 'no'}

2022_report_title: Integrated Report 2022, 
FY: 2021, 
company_name: Oriental Land Co Ltd, 
2023_file_name: 2023-Annual-Report_intercepted.md
predict: {'title': 'FISCAL YEAR 2023 ANNUAL FINANCIAL REPORT', 'title_similarity': 4, 'similarity': 3, 'is_ESG': 'no'}

2022_report_title: Integrated Report 2022, 
FY: 2022, 
company_name: Mitsubishi Corp, 
2023_file_name: all_intercepted.md
predict: {'title': 'Integrated Report 2023', 'title_similarity': 9, 'similarity': 10, 'is_ESG': 'yes', 'corporate_entity': 'Mitsubishi Corporation', 'fiscal_year': '2023'}

2022_report_title: SUSTAINABILITY REPORT 2022, 
FY: 2021, 
company_name: Mitsubishi Corp, 
2023_file_name: Sustainability_report_2023_all_intercepted.md
predict: {'title': 'Sustainability Report 2023', 'title_similarity': 9, 'similarity': 9, 'is_ESG': 'yes', 'corporate_entity': 'Mitsubishi Electric Corp', 'fiscal_year': '2023'}

2022_report_title: Sustainability report 2022, 
FY: 2021, 
company_name: Shin-Etsu Chemical Co Ltd, 
2023_file_name: report_en_2022_intercepted.md
predict: {'title': 'Sustainability Report Shin-Etsu Polymer 2022', 'title_similarity': 9, 'similarity': 9, 'is_ESG': 'yes', 'corporate_entity': 'Shin-Etsu Polymer Co., Ltd.', 'fiscal_year': '2022'}

2022_report_title: Sustainability Report 2021-22, 
FY: 2022, 
company_name: State Bank of India, 
2023_file_name: 080823-SR+FY+22-23+audited+version_intercepted.md
predict: {'title': 'Sustainability Report 2022-23', 'title_similarity': 9, 'similarity': 10, 'is_ESG': 'yes', 'corporate_entity': 'State Bank of India', 'fiscal_year': '2022-23'}

2022_report_title: Sustainability Report 2022, 
FY: 2022, 
company_name: Siemens Healthineers AG, 
2023_file_name: sustainability-report-fy2023_intercepted.md
predict: {'title': 'Sustainability Report 2023', 'title_similarity': 8, 'similarity': 9, 'is_ESG': 'yes', 'corporate_entity': 'Siemens AG', 'fiscal_year': '2023'}

2022_report_title: 2022CorporateSustainabilityRepor, 
FY: 2021, 
company_name: General Dynamics Corp, 
2023_file_name: gd_sustainability_intercepted.md
predict: {'title': 'GD CORPORATE SUSTAINABILITY REPORT', 'title_similarity': 9, 'similarity': 10, 'is_ESG': 'yes', 'corporate_entity': 'General Dynamics Corp', 'fiscal_year': '2021'}

2022_report_title: Integrated Report 2022, 
FY: 2022, 
company_name: Hitachi Ltd, 
2023_file_name: ar2023e_03_intercepted.md
predict: {'title': 'Hitachi Integrated Report 2023', 'title_similarity': 9, 'similarity': 9, 'is_ESG': 'yes', 'corporate_entity': 'Hitachi, Ltd.', 'fiscal_year': '2022'}

2022_report_title: CORPORATE GOVERNANCE GUIDELINES, 
FY: 2022, 
company_name: Chipotle Mexican Grill Inc, 
2023_file_name: Nominating%20%26%20Corporate%20Gov%20Comm%20Charter%20%289.14.23%29_intercepted.md
predict: {'title': 'Nominating and Corporate Governance Committee Charter', 'title_similarity': 7, 'similarity': 8, 'is_ESG': 'no'}

2022_report_title: Sustainability Report 2022, 
FY: 2022, 
company_name: Sumitomo Mitsui Financial Group Inc, 
2023_file_name: e20230929_01_intercepted.md
predict: {'title': 'SMBC Group TCFD Report 2023', 'title_similarity': 6, 'similarity': 7, 'is_ESG': 'yes', 'corporate_entity': 'Sumitomo Mitsui Financial Group Inc.', 'fiscal_year': '2023'}

2022_report_title: Business Responsibility &Sustainability Report 2022, 
FY: 2022, 
company_name: Bajaj Finance Ltd, 
2023_file_name: business-responsibility_intercepted.md
predict: {'title': 'Business Responsibility and Sustainability Report', 'title_similarity': 9, 'similarity': 9, 'is_ESG': 'yes', 'corporate_entity': 'Bajaj Finance Ltd.', 'fiscal_year': '2022-23'}

2022_report_title: Climate Change 2022, 
FY: 2022, 
company_name: Pernod Ricard SA, 
2023_file_name: CDP%20Climate%20Response%202023_intercepted.md
Error: CDP%20Climate%20Response%202023_intercepted.md Expecting value: line 1 column 1 (char 0)
2022_report_title: ESG Report, 
FY: 2022, 
company_name: MercadoLibre Inc, 
2023_file_name: Meli_2022_ENG_ed970c196b_intercepted.md
predict: {'title': '2022 Impact Report', 'title_similarity': 8, 'similarity': 9, 'is_ESG': 'yes', 'corporate_entity': 'MercadoLibre Inc', 'fiscal_year': '2022'}

2022_report_title: 2022 Climate Report, 
FY: 2022, 
company_name: National Australia Bank Ltd, 
2023_file_name: 2023-climate-report_intercepted.md
predict: {'title': '2023 Climate Report', 'title_similarity': 10, 'similarity': 10, 'is_ESG': 'yes', 'corporate_entity': 'National Australia Bank Ltd', 'fiscal_year': '2023'}

2022_report_title: Annual integrated report 2022, 
FY: 2022, 
company_name: Takeda Pharmaceutical Co Ltd, 
2023_file_name: Takeda_2023_Annual_Integrated_Report_intercepted.md
predict: {'title': '2023 Annual Integrated Report', 'title_similarity': 9, 'similarity': 9, 'is_ESG': 'yes', 'corporate_entity': 'Takeda Pharmaceutical Co Ltd', 'fiscal_year': '2023'}

2022_report_title: 2022 Sustainability Supplement, 
FY: 2022, 
company_name: Westpac Banking Corp, 
2023_file_name: WBC_2021-2023_Sustainability_Strategy_intercepted.md
predict: {'title': '2023 Sustainability Strategy', 'title_similarity': 7, 'similarity': 8, 'is_ESG': 'yes', 'corporate_entity': 'Westpac Banking Corporation', 'fiscal_year': '2023'}

2022_report_title: 2022 PWC Sustainability Assurance Statement, 
FY: 2022, 
company_name: Westpac Banking Corp, 
2023_file_name: PWC-sustainability-assurance-statement_intercepted.md
predict: {'title': 'Independent Assurance Report to the Directors of Westpac Banking Corporation', 'title_similarity': 6, 'similarity': 6, 'is_ESG': 'yes', 'corporate_entity': 'Westpac Banking Corporation', 'fiscal_year': '2023'}

2022_report_title: Sustainability Report 2021, 
FY: 2022, 
company_name: Microchip Technology Inc, 
2023_file_name: Microchip-Technology-2023-CDP-Climate-Change_intercepted.md
predict: {'title': 'Climate Change 2023', 'title_similarity': 8, 'similarity': 10, 'is_ESG': 'yes', 'corporate_entity': 'Microchip Technology Inc', 'fiscal_year': '2022'}

2022_report_title: Green Bond Report 2022, 
FY: 2022, 
company_name: Alimentation Couche-Tard Inc, 
2023_file_name: CTP-Green-bond-Report-2023-vF_intercepted.md
predict: {'title': 'N.V. Green Bond Report', 'title_similarity': 6, 'similarity': 8, 'is_ESG': 'yes', 'corporate_entity': 'CTP N.V.', 'fiscal_year': '2023'}

2022_report_title: 2022 Annual Report, 
FY: 2022, 
company_name: ANZ Group Holdings Ltd, 
2023_file_name: ANZ-Annual-Report-2023_intercepted.md
predict: {'title': 'ANZ 2023 Annual Report', 'title_similarity': 9, 'similarity': 10, 'is_ESG': 'yes', 'corporate_entity': 'ANZ Group Holdings Ltd', 'fiscal_year': '2023'}

2022_report_title: State of the Sector 202223, 
FY: 2022, 
company_name: Arthur J. Gallagher & Co., 
2023_file_name: state-of-the-sector-2023_intercepted.md
predict: {'title': 'Gallagher State of the Sector 2022/23', 'title_similarity': 8, 'similarity': 7, 'is_ESG': 'no'}

2022_report_title: GLOBAL RESPONSIBILITY REPORT 2023, 
FY: 2022, 
company_name: General Mills Inc, 
2023_file_name: General_Mills-Global_Responsibility_2023_intercepted.md
predict: {'title': 'GLOBAL RESPONSIBILITY REPORT 2023', 'title_similarity': 10, 'similarity': 10, 'is_ESG': 'yes', 'corporate_entity': 'General Mills Inc', 'fiscal_year': '2022'}

2022_report_title: 2022 ESG Report, 
FY: 2022, 
company_name: Paychex Inc, 
2023_file_name: paychex-esg-report-fy23_intercepted.md
predict: {'title': 'Working for a Better World', 'title_similarity': 4, 'similarity': 7, 'is_ESG': 'yes', 'corporate_entity': 'Paychex Inc.', 'fiscal_year': '2023'}

2022_report_title: Sustainability report 2022, 
FY: 2022, 
company_name: Orsted A/S, 
2023_file_name: %C3%98rsted%20annual%20report%202023_intercepted.md
predict: {'title': 'Ørsted Annual Report 2023', 'title_similarity': 6, 'similarity': 5, 'is_ESG': 'yes', 'corporate_entity': 'Orsted A/S', 'fiscal_year': '2023'}

2022_report_title: SUSTAINABILITY REPORT 2021-2022, 
FY: 2022, 
company_name: Axis Bank Ltd, 
2023_file_name: Axis-Bank-AR-2022-23-Business-Responsibility-and-Sustainability-Report_intercepted.md
predict: {'title': 'BUSINESS RESPONSIBILITY & SUSTAINABILITY REPORT 2022-23', 'title_similarity': 7, 'similarity': 8, 'is_ESG': 'yes', 'corporate_entity': 'Axis Bank Limited', 'fiscal_year': 'Fiscal 2023'}

2022_report_title: Business Responsibility Report 2021-22, 
FY: 2022, 
company_name: Axis Bank Ltd, 
2023_file_name: Axis-Bank-AR-2022-23-Business-Responsibility-and-Sustainability-Report_intercepted.md
predict: {'title': 'Business Responsibility & Sustainability Report 2022-23', 'title_similarity': 8, 'similarity': 9, 'is_ESG': 'yes', 'corporate_entity': 'Axis Bank Ltd', 'fiscal_year': '2022-23'}

2022_report_title: Sustainability Report 2022, 
FY: 2022, 
company_name: Palantir Technologies Inc, 
2023_file_name: 2022_Carbon_Report_-_2023.05.22_intercepted.md
Error: 2022_Carbon_Report_-_2023.05.22_intercepted.md Expecting value: line 1 column 1 (char 0)
2022_report_title: SustainabilityReport 2022, 
FY: 2022, 
company_name: Dupont De Nemours Inc, 
2023_file_name: DuPont-2023-10-K-Final_intercepted.md
predict: {'title': 'FORM 10-K ANNUAL REPORT PURSUANT TO SECTION 13 OR 15(d) OF THE SECURITIES EXCHANGE ACT OF 1934 For the fiscal year ended December 31, 2023', 'title_similarity': 1, 'similarity': 0, 'is_ESG': 'no'}

2022_report_title: Environmental,Social and GovernanceReport 2022, 
FY: 2022, 
company_name: Warner Bros Discovery Inc, 
2023_file_name: News-Corp-2023-ESG-Report-10.16_intercepted.md
predict: {'title': 'Environmental, Social and Governance Report 2023', 'title_similarity': 9, 'similarity': 9, 'is_ESG': 'yes', 'corporate_entity': 'News Corp', 'fiscal_year': '2023'}

2022_report_title: Business Responsibility & Sustainability Report FY2022, 
FY: 2022, 
company_name: Bajaj Finserv Ltd, 
2023_file_name: business-responsibility_intercepted.md
predict: {'title': 'Business Responsibility and Sustainability Report', 'title_similarity': 9, 'similarity': 9, 'is_ESG': 'yes', 'corporate_entity': 'Bajaj Finance Ltd.', 'fiscal_year': '2022-23'}

2022_report_title: 2022 Governance, Compensation and Financial Report, 
FY: 2022, 
company_name: Givaudan SA, 
2023_file_name: giv-2023-gcfr_intercepted.md
predict: {'title': '2023 Governance, Compensation and Financial Report', 'title_similarity': 10, 'similarity': 10, 'is_ESG': 'yes', 'corporate_entity': 'Givaudan SA', 'fiscal_year': '2023'}

2022_report_title: Sustainability Report 2022, 
FY: 2022, 
company_name: Mitsubishi Electric Corp, 
2023_file_name: Sustainability_report_2023_all_intercepted.md
Error: Sustainability_report_2023_all_intercepted.md Extra data: line 1 column 2 (char 1)
2022_report_title: FORMULA 1 2022SUSTAINABILITY AND DIVERSITY & INCLUSIONPROGRESS, 
FY: 2022, 
company_name: Liberty Media Corp, 
2023_file_name: 2022-Sustainabilty-and-DI-1_intercepted.md
predict: {'title': 'FORMULA 1 2022 SUSTAINABILITY AND DIVERSITY & INCLUSION PROGRESS', 'title_similarity': 9, 'similarity': 9, 'is_ESG': 'yes', 'corporate_entity': 'Formula 1', 'fiscal_year': '2022'}

2022_report_title: Sustainability Report 2019, 
FY: 2022, 
company_name: Ping An Bank Co Ltd, 
2023_file_name: pingan-sustainability-report-22_intercepted.md
predict: {'title': 'Ping An Sustainability Report 2022', 'title_similarity': 9, 'similarity': 8, 'is_ESG': 'yes', 'corporate_entity': 'Ping An Insurance (Group) Company of China, Ltd.', 'fiscal_year': '2022'}

2022_report_title: NesteCorporate GovernanceStatement2022, 
FY: 2022, 
company_name: Neste Oyj, 
2023_file_name: 71DE07089E34B261-Corporate_Governance_Statement_2023_intercepted.md
predict: {'title': 'Corporate Governance Statement 2023', 'title_similarity': 9, 'similarity': 9, 'is_ESG': 'yes', 'corporate_entity': 'Neste Oyj', 'fiscal_year': '2023'}

2022_report_title: Sustainability Report 2022, 
FY: 2022, 
company_name: Ashtead Group PLC, 
2023_file_name: Ashtead_AR23_Responsible_business_report_intercepted.md
predict: {'title': 'RESPONSIBLE BUSINESS REPORT', 'title_similarity': 5, 'similarity': 6, 'is_ESG': 'yes', 'corporate_entity': 'Ashtead Group plc', 'fiscal_year': '2023'}

2022_report_title: 2022Environment and Climate Change Report, 
FY: 2022, 
company_name: Cellnex Telecom SA, 
2023_file_name: ECC-Report-2022_intercepted.md
Error: ECC-Report-2022_intercepted.md Extra data: line 1 column 2 (char 1)
2022_report_title: Sustainability Report and NonFinancial Information Statement2022, 
FY: 2022, 
company_name: Naturgy Energy Group SA, 
2023_file_name: ISEINFF-2022_ENG_intercepted.md
predict: {'title': 'Naturgy Sustainability Report and Non-Financial Information Statement 2022', 'title_similarity': 9, 'similarity': 10, 'is_ESG': 'yes', 'corporate_entity': 'Naturgy Energy Group SA', 'fiscal_year': '2022'}

2022_report_title: Corporate Governance Report 2022, 
FY: 2022, 
company_name: Advantest Corp, 
2023_file_name: En_SustainabilityReport2022_05_intercepted.md
predict: {'title': 'Sustainability Data Book 2022', 'title_similarity': 6, 'similarity': 7, 'is_ESG': 'yes', 'corporate_entity': 'ADVANTEST CORPORATION', 'fiscal_year': '2022'}

2022_report_title: EMTN Programme 2023, 
FY: 2022, 
company_name: Vestas Wind Systems A/S, 
2023_file_name: 2023-EMTN-Base-Prospectus_intercepted.md.coredownload.inline_intercepted.md
predict: {'title': 'Euro Medium Term Note Programme', 'title_similarity': 4, 'similarity': 3, 'is_ESG': 'no'}

2022_report_title: Goodman GroupSustainability Report2022, 
FY: 2022, 
company_name: Goodman Group, 
2023_file_name: Goodman-Group-2023-Sustainability-Report_Original_intercepted.md
predict: {'title': 'Goodman Group Sustainability Report 2023', 'title_similarity': 10, 'similarity': 10, 'is_ESG': 'yes', 'corporate_entity': 'Goodman Group', 'fiscal_year': '2023'}

2022_report_title: 2022SUSTAINABILITYREPORT, 
FY: 2022, 
company_name: Genuine Parts Co, 
2023_file_name: 2023%20GPC%20Sustainability%20Report_FINAL_intercepted.md
predict: {'title': '2023 SUSTAINABILITY REPORT', 'title_similarity': 9, 'similarity': 9, 'is_ESG': 'yes', 'corporate_entity': 'Genuine Parts Company', 'fiscal_year': '2022'}

2022_report_title: Sustainability Report 2022, 
FY: 2022, 
company_name: 3i Group PLC, 
2023_file_name: 3i-sustainabilityreport-2023_intercepted.md
predict: {'title': '3i Group plc Sustainability report 2023', 'title_similarity': 10, 'similarity': 10, 'is_ESG': 'yes', 'corporate_entity': '3i Group plc', 'fiscal_year': '2023'}

2022_report_title: 2020年度社会责任报告, 
FY: 2022, 
company_name: China Everbright Bank Co Ltd, 
2023_file_name: 2023103001514_intercepted.md
predict: {'title': 'THIRD QUARTERLY REPORT OF 2023', 'title_similarity': 3, 'similarity': 3, 'is_ESG': 'no'}

2022_report_title: Annual Report and Financial Statements 2022, 
FY: 2022, 
company_name: Tesco PLC, 
2023_file_name: tesco-plc-annual-report-2023_intercepted.md
predict: {'title': 'Tesco PLC Annual Report and Financial Statements 2023', 'title_similarity': 10, 'similarity': 10, 'is_ESG': 'yes', 'corporate_entity': 'Tesco PLC', 'fiscal_year': '2023'}

2022_report_title: Sustainability Report 2021-22, 
FY: 2022, 
company_name: Mahindra and Mahindra Ltd, 
2023_file_name: Mahindra-Sustainability-Report-2022-23_intercepted.md
Error: Mahindra-Sustainability-Report-2022-23_intercepted.md Expecting value: line 1 column 1 (char 0)
2022_report_title: Corporate Sustainability Report 2022, 
FY: 2022, 
company_name: Raymond James Financial Inc, 
2023_file_name: rjim_sustainable_investing_policy_statement_intercepted.md
predict: {'title': 'Sustainable Investing Policy Statement', 'title_similarity': 5, 'similarity': 5, 'is_ESG': 'yes', 'corporate_entity': 'Raymond James Investment Management', 'fiscal_year': '2023'}

2022_report_title: INTEGRATED REPORT 2022, 
FY: 2022, 
company_name: East Japan Railway Co, 
2023_file_name: all_intercepted.md
predict: {'title': 'Integrated Report 2023', 'title_similarity': 9, 'similarity': 9, 'is_ESG': 'yes', 'corporate_entity': 'Mitsubishi Corporation', 'fiscal_year': '2023'}

2022_report_title: SUSTAINABILITY REPORT 2022, 
FY: 2022, 
company_name: MS&AD Insurance Group Holdings Inc, 
2023_file_name: sus_report2023%20(1)_intercepted.md
predict: {'title': 'SUSTAINABILITY REPORT 2023', 'title_similarity': 10, 'similarity': 10, 'is_ESG': 'yes', 'corporate_entity': 'MS&AD Insurance Group Holdings Inc', 'fiscal_year': '2023'}

2022_report_title: 2022 CORPORATESOCIAL RESPONSIBILITYREPORT, 
FY: 2022, 
company_name: Teledyne Technologies Inc, 
2023_file_name: Teledyne%20Technologies%202022%20Corporate%20Social%20Responsibility%20Report_intercepted.md
predict: {'title': '2022 CORPORATE SOCIAL RESPONSIBILITY REPORT', 'title_similarity': 10, 'similarity': 10, 'is_ESG': 'yes', 'corporate_entity': 'Teledyne Technologies Inc', 'fiscal_year': '2022'}

2022_report_title: 2022 Sustainability Report, 
FY: 2022, 
company_name: Hologic Inc, 
2023_file_name: 22-CORP-22551-FullReport_intercepted.md
predict: {'title': '2022 Hologic Sustainability Report', 'title_similarity': 9, 'similarity': 9, 'is_ESG': 'yes', 'corporate_entity': 'Hologic Inc', 'fiscal_year': '2022'}

2022_report_title: Annual andSustainability Report2022, 
FY: 2022, 
company_name: Swedbank AB, 
2023_file_name: 2621746_intercepted.md
predict: {'title': 'Annual and Sustainability Report 2023', 'title_similarity': 8, 'similarity': 9, 'is_ESG': 'yes', 'corporate_entity': 'Swedbank AB', 'fiscal_year': '2023'}

2022_report_title: Integrated Report 2022, 
FY: 2022, 
company_name: NTT Data Group Corp, 
2023_file_name: ntt_data_sustainability-report-2023_intercepted.md
predict: {'title': 'Sustainability Report 2023', 'title_similarity': 9, 'similarity': 8, 'is_ESG': 'yes', 'corporate_entity': 'NTT DATA, Inc.', 'fiscal_year': '2023'}

2022_report_title: Progress Report 2021 • 2022, 
FY: 2022, 
company_name: Bollore SE, 
2023_file_name: bollore-rs-2023-_vdef_gb_intercepted.md
predict: {'title': 'BOLLORÉ SE HALF-YEAR FINANCIAL REPORT 2023', 'title_similarity': 2, 'similarity': 3, 'is_ESG': 'no'}

2022_report_title: Integrated Annual Report 2021-22, 
FY: 2022, 
company_name: LTIMindtree Ltd, 
2023_file_name: FY2023AnnualRepLT%20Integrated%20Annual%20Report%202023_intercepted.md
predict: {'title': 'Integrated Annual Report 2022-23', 'title_similarity': 8, 'similarity': 9, 'is_ESG': 'yes', 'corporate_entity': 'Larsen & Toubro (L&T)', 'fiscal_year': '2022-23'}

2022_report_title: Annual Report 2022, 
FY: 2022, 
company_name: WiseTech Global Ltd, 
2023_file_name: wisetech-global-annual-report-2023_intercepted.md
predict: {'title': 'Annual Report 2023', 'title_similarity': 9, 'similarity': 9, 'is_ESG': 'yes', 'corporate_entity': 'WiseTech Global Ltd', 'fiscal_year': '2023'}

2022_report_title: Sustainable Impact Report 2022, 
FY: 2022, 
company_name: Svenska Handelsbanken AB, 
2023_file_name: 2623353_intercepted.md
predict: {'title': 'Handelsbanken’s Sustainability Report 2023', 'title_similarity': 7, 'similarity': 8, 'is_ESG': 'yes', 'corporate_entity': 'Svenska Handelsbanken AB', 'fiscal_year': '2023'}

2022_report_title: Sustainability Report 2022, 
FY: 2022, 
company_name: Sompo Holdings Inc, 
2023_file_name: 20220210587631_intercepted.md
predict: {'title': 'Sompo Holdings, Inc. Sustainability Report 2021', 'title_similarity': 9, 'similarity': 10, 'is_ESG': 'yes', 'corporate_entity': 'Sompo Holdings, Inc.', 'fiscal_year': '2021'}

2022_report_title: SUSTAINABILITYREPORT2022, 
FY: 2022, 
company_name: Inpex Corp, 
2023_file_name: INPEX_SustainabilityReport2022_Eng_intercepted.md
predict: {'title': 'SUSTAINABILITY REPORT 2022', 'title_similarity': 9, 'similarity': 10, 'is_ESG': 'yes', 'corporate_entity': 'INPEX CORPORATION', 'fiscal_year': '2022'}

2022_report_title: 2021-2022 LG ELECTRONICSSUSTAINABILITY REPORT ESG FACT BOOK, 
FY: 2022, 
company_name: LG Electronics Inc, 
2023_file_name: 2022-2023_LGE_SR_FACT_BOOK(EN)_intercepted.md
Error: 2022-2023_LGE_SR_FACT_BOOK(EN)_intercepted.md Expecting value: line 1 column 1 (char 0)
2022_report_title: Diversity and Inclusion Report 2022, 
FY: 2022, 
company_name: BT Group PLC, 
2023_file_name: 2022-diversity-and-inclusion-report_intercepted.md
predict: {'title': 'BT Group plc Diversity and Inclusion Report 2022', 'title_similarity': 9, 'similarity': 9, 'is_ESG': 'yes', 'corporate_entity': 'BT Group PLC', 'fiscal_year': '2022'}

2022_report_title: Digital Impact and Sustainability Report 2022, 
FY: 2022, 
company_name: BT Group PLC, 
2023_file_name: 2023-bt-group-esg-addendum_2023_intercepted.md
predict: {'title': 'BT Group plc ESG Addendum to the BT Group plc Annual Report 2023', 'title_similarity': 7, 'similarity': 8, 'is_ESG': 'yes', 'corporate_entity': 'BT Group plc', 'fiscal_year': '2023'}

2022_report_title: EGS DATABOOK 2022, 
FY: 2022, 
company_name: Mitsubishi Heavy Industries Ltd, 
2023_file_name: sustainabilitydatabook2023_intercepted.md
Error: sustainabilitydatabook2023_intercepted.md Extra data: line 1 column 2 (char 1)
2022_report_title: 2022 Global Sustainability Report, 
FY: 2022, 
company_name: Bunge Ltd, 
2023_file_name: BP_Bunge_Sustainability_Report_CROP_21_22_eng_intercepted.md
predict: {'title': 'Sustainability Report 2021/2022 crop year', 'title_similarity': 8, 'similarity': 9, 'is_ESG': 'yes', 'corporate_entity': 'BP Bunge Bioenergia', 'fiscal_year': '2021/2022'}

2022_report_title: ESG 2022 Report, 
FY: 2022, 
company_name: Warner Music Group Corp, 
2023_file_name: WMG-ESG-2023-Report_intercepted.md
predict: {'title': 'Making Impactful Music: Warner Music Group’s 2023 ESG Report', 'title_similarity': 8, 'similarity': 9, 'is_ESG': 'yes', 'corporate_entity': 'Warner Music Group Corp', 'fiscal_year': '2023'}

2022_report_title: TCFD Report 2022, 
FY: 2022, 
company_name: Amcor PLC, 
2023_file_name: Proxy_Statement_and_notice_of_General_Meeting_2023_intercepted.md
predict: {'title': 'Proxy Statement Summary', 'title_similarity': 1, 'similarity': 4, 'is_ESG': 'no'}

